This is pdfTeX, Version 3.141592653-2.6-1.40.26 (TeX Live 2024) (preloaded format=pdflatex 2024.8.8)  12 AUG 2024 21:32
entering extended mode
 restricted \write18 enabled.
 %&-line parsing enabled.
**Informe-Actividad-1-IEEE-Juan-Jose.tex
(./Informe-Actividad-1-IEEE-Juan-Jose.tex
LaTeX2e <2024-06-01> patch level 2
L3 programming layer <2024-07-20>
(./IEEEtran.cls
Document Class: IEEEtran 2015/08/26 V1.8b by Michael Shell
-- See the "IEEEtran_HOWTO" manual for usage information.
-- http://www.michaelshell.org/tex/ieeetran/
\@IEEEtrantmpdimenA=\dimen141
\@IEEEtrantmpdimenB=\dimen142
\@IEEEtrantmpdimenC=\dimen143
\@IEEEtrantmpcountA=\count194
\@IEEEtrantmpcountB=\count195
\@IEEEtrantmpcountC=\count196
\@IEEEtrantmptoksA=\toks17
LaTeX Font Info:    Trying to load font information for OT1+ptm on input line 503.
(c:/ProgramData/TinyTeX/texmf-dist/tex/latex/psnfss/ot1ptm.fd
File: ot1ptm.fd 2001/06/04 font definitions for OT1/ptm.
)
-- Using 8.5in x 11in (letter) paper.
-- Using PDF output.
\@IEEEnormalsizeunitybaselineskip=\dimen144
-- This is a 10 point document.
\CLASSINFOnormalsizebaselineskip=\dimen145
\CLASSINFOnormalsizeunitybaselineskip=\dimen146
\IEEEnormaljot=\dimen147
LaTeX Font Info:    Font shape `OT1/ptm/bx/n' in size <5> not available
(Font)              Font shape `OT1/ptm/b/n' tried instead on input line 1090.
LaTeX Font Info:    Font shape `OT1/ptm/bx/it' in size <5> not available
(Font)              Font shape `OT1/ptm/b/it' tried instead on input line 1090.
LaTeX Font Info:    Font shape `OT1/ptm/bx/n' in size <7> not available
(Font)              Font shape `OT1/ptm/b/n' tried instead on input line 1090.
LaTeX Font Info:    Font shape `OT1/ptm/bx/it' in size <7> not available
(Font)              Font shape `OT1/ptm/b/it' tried instead on input line 1090.
LaTeX Font Info:    Font shape `OT1/ptm/bx/n' in size <8> not available
(Font)              Font shape `OT1/ptm/b/n' tried instead on input line 1090.
LaTeX Font Info:    Font shape `OT1/ptm/bx/it' in size <8> not available
(Font)              Font shape `OT1/ptm/b/it' tried instead on input line 1090.
LaTeX Font Info:    Font shape `OT1/ptm/bx/n' in size <9> not available
(Font)              Font shape `OT1/ptm/b/n' tried instead on input line 1090.
LaTeX Font Info:    Font shape `OT1/ptm/bx/it' in size <9> not available
(Font)              Font shape `OT1/ptm/b/it' tried instead on input line 1090.
LaTeX Font Info:    Font shape `OT1/ptm/bx/n' in size <10> not available
(Font)              Font shape `OT1/ptm/b/n' tried instead on input line 1090.
LaTeX Font Info:    Font shape `OT1/ptm/bx/it' in size <10> not available
(Font)              Font shape `OT1/ptm/b/it' tried instead on input line 1090.
LaTeX Font Info:    Font shape `OT1/ptm/bx/n' in size <11> not available
(Font)              Font shape `OT1/ptm/b/n' tried instead on input line 1090.
LaTeX Font Info:    Font shape `OT1/ptm/bx/it' in size <11> not available
(Font)              Font shape `OT1/ptm/b/it' tried instead on input line 1090.
LaTeX Font Info:    Font shape `OT1/ptm/bx/n' in size <12> not available
(Font)              Font shape `OT1/ptm/b/n' tried instead on input line 1090.
LaTeX Font Info:    Font shape `OT1/ptm/bx/it' in size <12> not available
(Font)              Font shape `OT1/ptm/b/it' tried instead on input line 1090.
LaTeX Font Info:    Font shape `OT1/ptm/bx/n' in size <17> not available
(Font)              Font shape `OT1/ptm/b/n' tried instead on input line 1090.
LaTeX Font Info:    Font shape `OT1/ptm/bx/it' in size <17> not available
(Font)              Font shape `OT1/ptm/b/it' tried instead on input line 1090.
LaTeX Font Info:    Font shape `OT1/ptm/bx/n' in size <20> not available
(Font)              Font shape `OT1/ptm/b/n' tried instead on input line 1090.
LaTeX Font Info:    Font shape `OT1/ptm/bx/it' in size <20> not available
(Font)              Font shape `OT1/ptm/b/it' tried instead on input line 1090.
LaTeX Font Info:    Font shape `OT1/ptm/bx/n' in size <24> not available
(Font)              Font shape `OT1/ptm/b/n' tried instead on input line 1090.
LaTeX Font Info:    Font shape `OT1/ptm/bx/it' in size <24> not available
(Font)              Font shape `OT1/ptm/b/it' tried instead on input line 1090.
\IEEEquantizedlength=\dimen148
\IEEEquantizedlengthdiff=\dimen149
\IEEEquantizedtextheightdiff=\dimen150
\IEEEilabelindentA=\dimen151
\IEEEilabelindentB=\dimen152
\IEEEilabelindent=\dimen153
\IEEEelabelindent=\dimen154
\IEEEdlabelindent=\dimen155
\IEEElabelindent=\dimen156
\IEEEiednormlabelsep=\dimen157
\IEEEiedmathlabelsep=\dimen158
\IEEEiedtopsep=\skip49
\c@section=\count197
\c@subsection=\count198
\c@subsubsection=\count199
\c@paragraph=\count266
\c@IEEEsubequation=\count267
\abovecaptionskip=\skip50
\belowcaptionskip=\skip51
\c@figure=\count268
\c@table=\count269
\@IEEEeqnnumcols=\count270
\@IEEEeqncolcnt=\count271
\@IEEEsubeqnnumrollback=\count272
\@IEEEquantizeheightA=\dimen159
\@IEEEquantizeheightB=\dimen160
\@IEEEquantizeheightC=\dimen161
\@IEEEquantizeprevdepth=\dimen162
\@IEEEquantizemultiple=\count273
\@IEEEquantizeboxA=\box52
\@IEEEtmpitemindent=\dimen163
\IEEEPARstartletwidth=\dimen164
\c@IEEEbiography=\count274
\@IEEEtranrubishbin=\box53
) (c:/ProgramData/TinyTeX/texmf-dist/tex/latex/graphics/graphicx.sty
Package: graphicx 2021/09/16 v1.2d Enhanced LaTeX Graphics (DPC,SPQR)
(c:/ProgramData/TinyTeX/texmf-dist/tex/latex/graphics/keyval.sty
Package: keyval 2022/05/29 v1.15 key=value parser (DPC)
\KV@toks@=\toks18
) (c:/ProgramData/TinyTeX/texmf-dist/tex/latex/graphics/graphics.sty
Package: graphics 2024/05/23 v1.4g Standard LaTeX Graphics (DPC,SPQR)
(c:/ProgramData/TinyTeX/texmf-dist/tex/latex/graphics/trig.sty
Package: trig 2023/12/02 v1.11 sin cos tan (DPC)
) (c:/ProgramData/TinyTeX/texmf-dist/tex/latex/graphics-cfg/graphics.cfg
File: graphics.cfg 2016/06/04 v1.11 sample graphics configuration
)
Package graphics Info: Driver file: pdftex.def on input line 106.
(c:/ProgramData/TinyTeX/texmf-dist/tex/latex/graphics-def/pdftex.def
File: pdftex.def 2024/04/13 v1.2c Graphics/color driver for pdftex
))
\Gin@req@height=\dimen165
\Gin@req@width=\dimen166
) (c:/ProgramData/TinyTeX/texmf-dist/tex/latex/amsmath/amsmath.sty
Package: amsmath 2024/05/23 v2.17q AMS math features
\@mathmargin=\skip52
For additional information on amsmath, use the `?' option.
(c:/ProgramData/TinyTeX/texmf-dist/tex/latex/amsmath/amstext.sty
Package: amstext 2021/08/26 v2.01 AMS text
(c:/ProgramData/TinyTeX/texmf-dist/tex/latex/amsmath/amsgen.sty
File: amsgen.sty 1999/11/30 v2.0 generic functions
\@emptytoks=\toks19
\ex@=\dimen167
)) (c:/ProgramData/TinyTeX/texmf-dist/tex/latex/amsmath/amsbsy.sty
Package: amsbsy 1999/11/29 v1.2d Bold Symbols
\pmbraise@=\dimen168
) (c:/ProgramData/TinyTeX/texmf-dist/tex/latex/amsmath/amsopn.sty
Package: amsopn 2022/04/08 v2.04 operator names
)
\inf@bad=\count275
LaTeX Info: Redefining \frac on input line 233.
\uproot@=\count276
\leftroot@=\count277
LaTeX Info: Redefining \overline on input line 398.
LaTeX Info: Redefining \colon on input line 409.
\classnum@=\count278
\DOTSCASE@=\count279
LaTeX Info: Redefining \ldots on input line 495.
LaTeX Info: Redefining \dots on input line 498.
LaTeX Info: Redefining \cdots on input line 619.
\Mathstrutbox@=\box54
\strutbox@=\box55
LaTeX Info: Redefining \big on input line 721.
LaTeX Info: Redefining \Big on input line 722.
LaTeX Info: Redefining \bigg on input line 723.
LaTeX Info: Redefining \Bigg on input line 724.
\big@size=\dimen169
LaTeX Font Info:    Redeclaring font encoding OML on input line 742.
LaTeX Font Info:    Redeclaring font encoding OMS on input line 743.
\macc@depth=\count280
LaTeX Info: Redefining \bmod on input line 904.
LaTeX Info: Redefining \pmod on input line 909.
LaTeX Info: Redefining \smash on input line 939.
LaTeX Info: Redefining \relbar on input line 969.
LaTeX Info: Redefining \Relbar on input line 970.
\c@MaxMatrixCols=\count281
\dotsspace@=\muskip17
\c@parentequation=\count282
\dspbrk@lvl=\count283
\tag@help=\toks20
\row@=\count284
\column@=\count285
\maxfields@=\count286
\andhelp@=\toks21
\eqnshift@=\dimen170
\alignsep@=\dimen171
\tagshift@=\dimen172
\tagwidth@=\dimen173
\totwidth@=\dimen174
\lineht@=\dimen175
\@envbody=\toks22
\multlinegap=\skip53
\multlinetaggap=\skip54
\mathdisplay@stack=\toks23
LaTeX Info: Redefining \[ on input line 2953.
LaTeX Info: Redefining \] on input line 2954.
) (c:/ProgramData/TinyTeX/texmf-dist/tex/latex/hyperref/hyperref.sty
Package: hyperref 2024-07-10 v7.01j Hypertext links for LaTeX
(c:/ProgramData/TinyTeX/texmf-dist/tex/generic/iftex/iftex.sty
Package: iftex 2022/02/03 v1.0f TeX engine tests
) (c:/ProgramData/TinyTeX/texmf-dist/tex/latex/kvsetkeys/kvsetkeys.sty
Package: kvsetkeys 2022-10-05 v1.19 Key value parser (HO)
) (c:/ProgramData/TinyTeX/texmf-dist/tex/generic/kvdefinekeys/kvdefinekeys.sty
Package: kvdefinekeys 2019-12-19 v1.6 Define keys (HO)
) (c:/ProgramData/TinyTeX/texmf-dist/tex/generic/pdfescape/pdfescape.sty
Package: pdfescape 2019/12/09 v1.15 Implements pdfTeX's escape features (HO)
(c:/ProgramData/TinyTeX/texmf-dist/tex/generic/ltxcmds/ltxcmds.sty
Package: ltxcmds 2023-12-04 v1.26 LaTeX kernel commands for general use (HO)
) (c:/ProgramData/TinyTeX/texmf-dist/tex/generic/pdftexcmds/pdftexcmds.sty
Package: pdftexcmds 2020-06-27 v0.33 Utility functions of pdfTeX for LuaTeX (HO)
(c:/ProgramData/TinyTeX/texmf-dist/tex/generic/infwarerr/infwarerr.sty
Package: infwarerr 2019/12/03 v1.5 Providing info/warning/error messages (HO)
)
Package pdftexcmds Info: \pdf@primitive is available.
Package pdftexcmds Info: \pdf@ifprimitive is available.
Package pdftexcmds Info: \pdfdraftmode found.
)) (c:/ProgramData/TinyTeX/texmf-dist/tex/latex/hycolor/hycolor.sty
Package: hycolor 2020-01-27 v1.10 Color options for hyperref/bookmark (HO)
) (c:/ProgramData/TinyTeX/texmf-dist/tex/latex/hyperref/nameref.sty
Package: nameref 2023-11-26 v2.56 Cross-referencing by name of section
(c:/ProgramData/TinyTeX/texmf-dist/tex/latex/refcount/refcount.sty
Package: refcount 2019/12/15 v3.6 Data extraction from label references (HO)
) (c:/ProgramData/TinyTeX/texmf-dist/tex/generic/gettitlestring/gettitlestring.sty
Package: gettitlestring 2019/12/15 v1.6 Cleanup title references (HO)
(c:/ProgramData/TinyTeX/texmf-dist/tex/latex/kvoptions/kvoptions.sty
Package: kvoptions 2022-06-15 v3.15 Key value format for package options (HO)
))
\c@section@level=\count287
) (c:/ProgramData/TinyTeX/texmf-dist/tex/latex/etoolbox/etoolbox.sty
Package: etoolbox 2020/10/05 v2.5k e-TeX tools for LaTeX (JAW)
\etb@tempcnta=\count288
) (c:/ProgramData/TinyTeX/texmf-dist/tex/generic/stringenc/stringenc.sty
Package: stringenc 2019/11/29 v1.12 Convert strings between diff. encodings (HO)
)
\@linkdim=\dimen176
\Hy@linkcounter=\count289
\Hy@pagecounter=\count290
(c:/ProgramData/TinyTeX/texmf-dist/tex/latex/hyperref/pd1enc.def
File: pd1enc.def 2024-07-10 v7.01j Hyperref: PDFDocEncoding definition (HO)
Now handling font encoding PD1 ...
... no UTF-8 mapping file for font encoding PD1
) (c:/ProgramData/TinyTeX/texmf-dist/tex/generic/intcalc/intcalc.sty
Package: intcalc 2019/12/15 v1.3 Expandable calculations with integers (HO)
)
\Hy@SavedSpaceFactor=\count291
(c:/ProgramData/TinyTeX/texmf-dist/tex/latex/hyperref/puenc.def
File: puenc.def 2024-07-10 v7.01j Hyperref: PDF Unicode definition (HO)
Now handling font encoding PU ...
... no UTF-8 mapping file for font encoding PU
)
Package hyperref Info: Option `final' set `true' on input line 4040.
Package hyperref Info: Option `unicode' set `true' on input line 4040.
Package hyperref Info: Hyper figures OFF on input line 4157.
Package hyperref Info: Link nesting OFF on input line 4162.
Package hyperref Info: Hyper index ON on input line 4165.
Package hyperref Info: Plain pages OFF on input line 4172.
Package hyperref Info: Backreferencing OFF on input line 4177.
Package hyperref Info: Implicit mode ON; LaTeX internals redefined.
Package hyperref Info: Bookmarks ON on input line 4424.
\c@Hy@tempcnt=\count292
(c:/ProgramData/TinyTeX/texmf-dist/tex/latex/url/url.sty
\Urlmuskip=\muskip18
Package: url 2013/09/16  ver 3.4  Verb mode for urls, etc.
)
LaTeX Info: Redefining \url on input line 4763.
\XeTeXLinkMargin=\dimen177
(c:/ProgramData/TinyTeX/texmf-dist/tex/generic/bitset/bitset.sty
Package: bitset 2019/12/09 v1.3 Handle bit-vector datatype (HO)
(c:/ProgramData/TinyTeX/texmf-dist/tex/generic/bigintcalc/bigintcalc.sty
Package: bigintcalc 2019/12/15 v1.5 Expandable calculations on big integers (HO)
))
\Fld@menulength=\count293
\Field@Width=\dimen178
\Fld@charsize=\dimen179
Package hyperref Info: Hyper figures OFF on input line 6042.
Package hyperref Info: Link nesting OFF on input line 6047.
Package hyperref Info: Hyper index ON on input line 6050.
Package hyperref Info: backreferencing OFF on input line 6057.
Package hyperref Info: Link coloring OFF on input line 6062.
Package hyperref Info: Link coloring with OCG OFF on input line 6067.
Package hyperref Info: PDF/A mode OFF on input line 6072.
(c:/ProgramData/TinyTeX/texmf-dist/tex/latex/base/atbegshi-ltx.sty
Package: atbegshi-ltx 2021/01/10 v1.0c Emulation of the original atbegshi
package with kernel methods
)
\Hy@abspage=\count294
\c@Item=\count295
\c@Hfootnote=\count296
)
Package hyperref Info: Driver (autodetected): hpdftex.
(c:/ProgramData/TinyTeX/texmf-dist/tex/latex/hyperref/hpdftex.def
File: hpdftex.def 2024-07-10 v7.01j Hyperref driver for pdfTeX
(c:/ProgramData/TinyTeX/texmf-dist/tex/latex/base/atveryend-ltx.sty
Package: atveryend-ltx 2020/08/19 v1.0a Emulation of the original atveryend package
with kernel methods
)
\Fld@listcount=\count297
\c@bookmark@seq@number=\count298
(c:/ProgramData/TinyTeX/texmf-dist/tex/latex/rerunfilecheck/rerunfilecheck.sty
Package: rerunfilecheck 2022-07-10 v1.10 Rerun checks for auxiliary files (HO)
(c:/ProgramData/TinyTeX/texmf-dist/tex/generic/uniquecounter/uniquecounter.sty
Package: uniquecounter 2019/12/15 v1.4 Provide unlimited unique counter (HO)
)
Package uniquecounter Info: New unique counter `rerunfilecheck' on input line 285.
)
\Hy@SectionHShift=\skip55
)
Package hyperref Info: Option `breaklinks' set `true' on input line 320.
(c:/ProgramData/TinyTeX/texmf-dist/tex/latex/booktabs/booktabs.sty
Package: booktabs 2020/01/12 v1.61803398 Publication quality tables
\heavyrulewidth=\dimen180
\lightrulewidth=\dimen181
\cmidrulewidth=\dimen182
\belowrulesep=\dimen183
\belowbottomsep=\dimen184
\aboverulesep=\dimen185
\abovetopsep=\dimen186
\cmidrulesep=\dimen187
\cmidrulekern=\dimen188
\defaultaddspace=\dimen189
\@cmidla=\count299
\@cmidlb=\count300
\@aboverulesep=\dimen190
\@belowrulesep=\dimen191
\@thisruleclass=\count301
\@lastruleclass=\count302
\@thisrulewidth=\dimen192
) (c:/ProgramData/TinyTeX/texmf-dist/tex/latex/tools/longtable.sty
Package: longtable 2024-04-26 v4.20 Multi-page Table package (DPC)
\LTleft=\skip56
\LTright=\skip57
\LTpre=\skip58
\LTpost=\skip59
\LTchunksize=\count303
\LTcapwidth=\dimen193
\LT@head=\box56
\LT@firsthead=\box57
\LT@foot=\box58
\LT@lastfoot=\box59
\LT@gbox=\box60
\LT@cols=\count304
\LT@rows=\count305
\c@LT@tables=\count306
\c@LT@chunks=\count307
\LT@p@ftn=\toks24
) (c:/ProgramData/TinyTeX/texmf-dist/tex/latex/tools/array.sty
Package: array 2024/06/14 v2.6d Tabular extension package (FMi)
\col@sep=\dimen194
\ar@mcellbox=\box61
\extrarowheight=\dimen195
\NC@list=\toks25
\extratabsurround=\skip60
\backup@length=\skip61
\ar@cellbox=\box62
) (c:/ProgramData/TinyTeX/texmf-dist/tex/latex/multirow/multirow.sty
Package: multirow 2021/03/15 v2.8 Span multiple rows of a table
\multirow@colwidth=\skip62
\multirow@cntb=\count308
\multirow@dima=\skip63
\bigstrutjot=\dimen196
) (c:/ProgramData/TinyTeX/texmf-dist/tex/latex/wrapfig/wrapfig.sty
\wrapoverhang=\dimen197
\WF@size=\dimen198
\c@WF@wrappedlines=\count309
\WF@box=\box63
\WF@everypar=\toks26
Package: wrapfig 2003/01/31  v 3.6
) (c:/ProgramData/TinyTeX/texmf-dist/tex/latex/float/float.sty
Package: float 2001/11/08 v1.3d Float enhancements (AL)
\c@float@type=\count310
\float@exts=\toks27
\float@box=\box64
\@float@everytoks=\toks28
\@floatcapt=\box65
) (c:/ProgramData/TinyTeX/texmf-dist/tex/latex/colortbl/colortbl.sty
Package: colortbl 2024/07/06 v1.0i Color table columns (DPC)
(c:/ProgramData/TinyTeX/texmf-dist/tex/latex/graphics/color.sty
Package: color 2024/01/14 v1.3d Standard LaTeX Color (DPC)
(c:/ProgramData/TinyTeX/texmf-dist/tex/latex/graphics-cfg/color.cfg
File: color.cfg 2016/01/02 v1.6 sample color configuration
)
Package color Info: Driver file: pdftex.def on input line 149.
(c:/ProgramData/TinyTeX/texmf-dist/tex/latex/graphics/mathcolor.ltx))
\everycr=\toks29
\minrowclearance=\skip64
\rownum=\count311
) (c:/ProgramData/TinyTeX/texmf-dist/tex/latex/pdflscape/pdflscape.sty
Package: pdflscape 2022-10-27 v0.13 Display of landscape pages in PDF
(c:/ProgramData/TinyTeX/texmf-dist/tex/latex/pdflscape/pdflscape-nometadata.sty
Package: pdflscape-nometadata 2022-10-28 v0.13 Display of landscape pages in PDF (HO)
(c:/ProgramData/TinyTeX/texmf-dist/tex/latex/graphics/lscape.sty
Package: lscape 2020/05/28 v3.02 Landscape Pages (DPC)
)
Package pdflscape Info: Auto-detected driver: pdftex on input line 81.
)) (c:/ProgramData/TinyTeX/texmf-dist/tex/latex/tabu/tabu.sty
Package: tabu 2019/01/11 v2.9 - flexible LaTeX tabulars (FC+tabu-fixed)
(c:/ProgramData/TinyTeX/texmf-dist/tex/latex/varwidth/varwidth.sty
Package: varwidth 2009/03/30 ver 0.92;  Variable-width minipages
\@vwid@box=\box66
\sift@deathcycles=\count312
\@vwid@loff=\dimen199
\@vwid@roff=\dimen256
)
\c@taburow=\count313
\tabu@nbcols=\count314
\tabu@cnt=\count315
\tabu@Xcol=\count316
\tabu@alloc=\count317
\tabu@nested=\count318
\tabu@target=\dimen257
\tabu@spreadtarget=\dimen258
\tabu@naturalX=\dimen259
\tabucolX=\dimen260
\tabu@Xsum=\dimen261
\extrarowdepth=\dimen262
\abovetabulinesep=\dimen263
\belowtabulinesep=\dimen264
\tabustrutrule=\dimen265
\tabu@thebody=\toks30
\tabu@footnotes=\toks31
\tabu@box=\box67
\tabu@arstrutbox=\box68
\tabu@hleads=\box69
\tabu@vleads=\box70
\tabu@cellskip=\skip65
) (c:/ProgramData/TinyTeX/texmf-dist/tex/latex/threeparttable/threeparttable.sty
Package: threeparttable 2003/06/13  v 3.0
\@tempboxb=\box71
) (c:/ProgramData/TinyTeX/texmf-dist/tex/latex/threeparttablex/threeparttablex.sty
Package: threeparttablex 2013/07/23 v0.3 by daleif
(c:/ProgramData/TinyTeX/texmf-dist/tex/latex/environ/environ.sty
Package: environ 2014/05/04 v0.3 A new way to define environments
(c:/ProgramData/TinyTeX/texmf-dist/tex/latex/trimspaces/trimspaces.sty
Package: trimspaces 2009/09/17 v1.1 Trim spaces around a token list
))
\TPTL@width=\skip66
) (c:/ProgramData/TinyTeX/texmf-dist/tex/generic/ulem/ulem.sty
\UL@box=\box72
\UL@hyphenbox=\box73
\UL@skip=\skip67
\UL@hook=\toks32
\UL@height=\dimen266
\UL@pe=\count319
\UL@pixel=\dimen267
\ULC@box=\box74
Package: ulem 2019/11/18
\ULdepth=\dimen268
) (c:/ProgramData/TinyTeX/texmf-dist/tex/latex/makecell/makecell.sty
Package: makecell 2009/08/03 V0.1e Managing of Tab Column Heads and Cells
\rotheadsize=\dimen269
\c@nlinenum=\count320
\TeXr@lab=\toks33
) (c:/ProgramData/TinyTeX/texmf-dist/tex/latex/xcolor/xcolor.sty
Package: xcolor 2023/11/15 v3.01 LaTeX color extensions (UK)
(c:/ProgramData/TinyTeX/texmf-dist/tex/latex/graphics-cfg/color.cfg
File: color.cfg 2016/01/02 v1.6 sample color configuration
)
Package xcolor Info: Driver file: pdftex.def on input line 274.
LaTeX Info: Redefining \color on input line 758.
(c:/ProgramData/TinyTeX/texmf-dist/tex/latex/graphics/mathcolor.ltx)
Package xcolor Info: Model `cmy' substituted by `cmy0' on input line 1350.
Package xcolor Info: Model `hsb' substituted by `rgb' on input line 1354.
Package xcolor Info: Model `RGB' extended on input line 1366.
Package xcolor Info: Model `HTML' substituted by `rgb' on input line 1368.
Package xcolor Info: Model `Hsb' substituted by `hsb' on input line 1369.
Package xcolor Info: Model `tHsb' substituted by `hsb' on input line 1370.
Package xcolor Info: Model `HSB' substituted by `hsb' on input line 1371.
Package xcolor Info: Model `Gray' substituted by `gray' on input line 1372.
Package xcolor Info: Model `wave' substituted by `hsb' on input line 1373.
) (c:/ProgramData/TinyTeX/texmf-dist/tex/latex/l3backend/l3backend-pdftex.def
File: l3backend-pdftex.def 2024-05-08 L3 backend support: PDF output (pdfTeX)
\l__color_backend_stack_int=\count321
\l__pdf_internal_box=\box75
) (./Informe-Actividad-1-IEEE-Juan-Jose.aux)
\openout1 = `Informe-Actividad-1-IEEE-Juan-Jose.aux'.

LaTeX Font Info:    Checking defaults for OML/cmm/m/it on input line 353.
LaTeX Font Info:    ... okay on input line 353.
LaTeX Font Info:    Checking defaults for OMS/cmsy/m/n on input line 353.
LaTeX Font Info:    ... okay on input line 353.
LaTeX Font Info:    Checking defaults for OT1/cmr/m/n on input line 353.
LaTeX Font Info:    ... okay on input line 353.
LaTeX Font Info:    Checking defaults for T1/cmr/m/n on input line 353.
LaTeX Font Info:    ... okay on input line 353.
LaTeX Font Info:    Checking defaults for TS1/cmr/m/n on input line 353.
LaTeX Font Info:    ... okay on input line 353.
LaTeX Font Info:    Checking defaults for OMX/cmex/m/n on input line 353.
LaTeX Font Info:    ... okay on input line 353.
LaTeX Font Info:    Checking defaults for U/cmr/m/n on input line 353.
LaTeX Font Info:    ... okay on input line 353.
LaTeX Font Info:    Checking defaults for PD1/pdf/m/n on input line 353.
LaTeX Font Info:    ... okay on input line 353.
LaTeX Font Info:    Checking defaults for PU/pdf/m/n on input line 353.
LaTeX Font Info:    ... okay on input line 353.
-- Lines per column: 56 (exact).
(c:/ProgramData/TinyTeX/texmf-dist/tex/latex/epstopdf-pkg/epstopdf-base.sty
Package: epstopdf-base 2020-01-24 v2.11 Base part for package epstopdf
Package epstopdf-base Info: Redefining graphics rule for `.eps' on input line 485.
(c:/ProgramData/TinyTeX/texmf-dist/tex/latex/latexconfig/epstopdf-sys.cfg
File: epstopdf-sys.cfg 2010/07/13 v1.3 Configuration of (r)epstopdf for TeX Live
))
Package hyperref Info: Link coloring OFF on input line 353.
(./Informe-Actividad-1-IEEE-Juan-Jose.out) (./Informe-Actividad-1-IEEE-Juan-Jose.out)
\@outlinefile=\write3
\openout3 = `Informe-Actividad-1-IEEE-Juan-Jose.out'.

LaTeX Font Info:    Calculating math sizes for size <11> on input line 431.

Underfull \hbox (badness 1629) in paragraph at lines 481--484
[]\OT1/ptm/m/n/10 Proporcionar in-for-maci[]on so-bre los pre-cios de las
 []

<images/Tabla1.png, id=128, 456.95718pt x 426.09187pt>
File: images/Tabla1.png Graphic file (type png)
<use images/Tabla1.png>
Package pdftex.def Info: images/Tabla1.png  used on input line 519.
(pdftex.def)             Requested size: 176.39923pt x 164.48473pt.


<images/Tabla2.png, id=130, 309.40594pt x 240.14719pt>
File: images/Tabla2.png Graphic file (type png)
<use images/Tabla2.png>
Package pdftex.def Info: images/Tabla2.png  used on input line 528.
(pdftex.def)             Requested size: 151.20154pt x 117.358pt.
<images/Tabla3.png, id=131, 296.60812pt x 200.24812pt>
File: images/Tabla3.png Graphic file (type png)
<use images/Tabla3.png>
Package pdftex.def Info: images/Tabla3.png  used on input line 532.
(pdftex.def)             Requested size: 151.20154pt x 102.08241pt.
<images/Tabla4.png, id=132, 417.05812pt x 213.04594pt>
File: images/Tabla4.png Graphic file (type png)
<use images/Tabla4.png>
Package pdftex.def Info: images/Tabla4.png  used on input line 539.
(pdftex.def)             Requested size: 201.60077pt x 102.98581pt.


[1{c:/ProgramData/TinyTeX/texmf-var/fonts/map/pdftex/updmap/pdftex.map}{c:/ProgramData/TinyTeX/texmf-dist/fonts/enc/dvips/base/8r.enc}


 <./images/Tabla1.png> <./images/Tabla2.png> <./images/Tabla3.png>]
<images/Tabla5.png, id=150, 456.95718pt x 432.11438pt>
File: images/Tabla5.png Graphic file (type png)
<use images/Tabla5.png>
Package pdftex.def Info: images/Tabla5.png  used on input line 569.
(pdftex.def)             Requested size: 226.79846pt x 214.4676pt.

Underfull \hbox (badness 1902) in paragraph at lines 581--585
\OT1/ptm/m/n/10 ciom'', ``area-const'', ``ban-ios'', ``habita-ciones'', ``tipo'',
 []




LaTeX Warning: Reference `fig:dist-datos-faltantes-por-vars' on page 2 undefined on input line 589.


LaTeX Warning: Reference `fig:grafico-barras-faltantes' on page 2 undefined on input line 590.


LaTeX Warning: Reference `fig:grafico-barras-faltantes' on page 2 undefined on input line 590.

<images/ComparacionDatosFaltantesVariable.png, id=151, 501.37312pt x 389.20406pt>
File: images/ComparacionDatosFaltantesVariable.png Graphic file (type png)
<use images/ComparacionDatosFaltantesVariable.png>
Package pdftex.def Info: images/ComparacionDatosFaltantesVariable.png  used on input line 592.
(pdftex.def)             Requested size: 252.0pt x 195.62302pt.
<images/GraficoBarrasFaltantes.png, id=152, 501.37312pt x 383.93437pt>
File: images/GraficoBarrasFaltantes.png Graphic file (type png)
<use images/GraficoBarrasFaltantes.png>
Package pdftex.def Info: images/GraficoBarrasFaltantes.png  used on input line 594.
(pdftex.def)             Requested size: 252.0pt x 192.97435pt.
<images/BoxplotViviendaParqueadero.png, id=153, 455.45157pt x 366.61969pt>
File: images/BoxplotViviendaParqueadero.png Graphic file (type png)
<use images/BoxplotViviendaParqueadero.png>
Package pdftex.def Info: images/BoxplotViviendaParqueadero.png  used on input line 596.
(pdftex.def)             Requested size: 252.0pt x 202.84978pt.

Overfull \hbox (10.0pt too wide) in paragraph at lines 596--597
[][] 
 []



[2 <./images/Tabla4.png> <./images/Tabla5.png> <./images/ComparacionDatosFaltantesVariable.png> <./images/GraficoBarrasFaltantes.png> <./images/BoxplotViviendaParqueadero.png>]
Underfull \hbox (badness 10000) in paragraph at lines 636--639

 []

<images/FrecuenciaTiposViviendas.png, id=164, 560.0925pt x 141.52875pt>
File: images/FrecuenciaTiposViviendas.png Graphic file (type png)
<use images/FrecuenciaTiposViviendas.png>
Package pdftex.def Info: images/FrecuenciaTiposViviendas.png  used on input line 640.
(pdftex.def)             Requested size: 252.0pt x 63.6787pt.

Underfull \hbox (badness 10000) in paragraph at lines 642--650

 []


LaTeX Warning: Reference `fig:bar-chart-proporcion-viviendas' on page 3 undefined on input line 652.



<images/ProporcionFaltantesPisoTipo.png, id=165, 567.62062pt x 447.17062pt>
File: images/ProporcionFaltantesPisoTipo.png Graphic file (type png)
<use images/ProporcionFaltantesPisoTipo.png>
Package pdftex.def Info: images/ProporcionFaltantesPisoTipo.png  used on input line 657.
(pdftex.def)             Requested size: 252.0pt x 198.5229pt.

Underfull \hbox (badness 10000) in paragraph at lines 661--665

 []

<images/Tabla6.png, id=166, 611.28375pt x 376.40625pt>
File: images/Tabla6.png Graphic file (type png)
<use images/Tabla6.png>
Package pdftex.def Info: images/Tabla6.png  used on input line 666.
(pdftex.def)             Requested size: 201.60077pt x 124.13403pt.
<images/Table7.png, id=167, 293.59688pt x 429.10312pt>
File: images/Table7.png Graphic file (type png)
<use images/Table7.png>
Package pdftex.def Info: images/Table7.png  used on input line 677.
(pdftex.def)             Requested size: 126.0pt x 184.15062pt.

Underfull \vbox (badness 8132) has occurred while \output is active []



[3 <./images/FrecuenciaTiposViviendas.png> <./images/ProporcionFaltantesPisoTipo.png> <./images/Tabla6.png>]
Underfull \hbox (badness 1502) in paragraph at lines 687--691
\OT1/ptm/m/n/10 cuadrado (pre-cio[]m2) a la base para us-arla den-tro del
 []


Underfull \hbox (badness 10000) in paragraph at lines 687--691

 []

<images/Map.png, id=175, 596.2275pt x 368.1253pt>
File: images/Map.png Graphic file (type png)
<use images/Map.png>
Package pdftex.def Info: images/Map.png  used on input line 698.
(pdftex.def)             Requested size: 201.60077pt x 124.47003pt.
<images/Table8.png, id=176, 532.99126pt x 519.44063pt>
File: images/Table8.png Graphic file (type png)
<use images/Table8.png>
Package pdftex.def Info: images/Table8.png  used on input line 704.
(pdftex.def)             Requested size: 226.79846pt x 221.03279pt.

Underfull \vbox (badness 10000) has occurred while \output is active []




LaTeX Warning: Reference `fig:pie-chart-viviendas' on page 4 undefined on input line 708.

<images/pie-chart-viviendas.png, id=177, 351.56343pt x 321.45094pt>
File: images/pie-chart-viviendas.png Graphic file (type png)
<use images/pie-chart-viviendas.png>
Package pdftex.def Info: images/pie-chart-viviendas.png  used on input line 712.
(pdftex.def)             Requested size: 226.79846pt x 207.37105pt.


[4 <./images/Table7.png> <./images/Map.png> <./images/Table8.png> <./images/pie-chart-viviendas.png>]
<images/BoxplotPreciosZona.png, id=186, 426.09187pt x 348.55219pt>
File: images/BoxplotPreciosZona.png Graphic file (type png)
<use images/BoxplotPreciosZona.png>
Package pdftex.def Info: images/BoxplotPreciosZona.png  used on input line 719.
(pdftex.def)             Requested size: 252.0pt x 206.14392pt.

Overfull \hbox (10.0pt too wide) in paragraph at lines 719--720
[][] 
 []

<images/BoxplotPreciosTipo.png, id=187, 429.10312pt x 349.305pt>
File: images/BoxplotPreciosTipo.png Graphic file (type png)
<use images/BoxplotPreciosTipo.png>
Package pdftex.def Info: images/BoxplotPreciosTipo.png  used on input line 721.
(pdftex.def)             Requested size: 252.0pt x 205.13942pt.

Overfull \hbox (10.0pt too wide) in paragraph at lines 721--722
[][] 
 []

<images/BoxplotPreciosArea.png, id=188, 426.09187pt x 362.10281pt>
File: images/BoxplotPreciosArea.png Graphic file (type png)
<use images/BoxplotPreciosArea.png>
Package pdftex.def Info: images/BoxplotPreciosArea.png  used on input line 723.
(pdftex.def)             Requested size: 252.0pt x 214.15817pt.

Overfull \hbox (10.0pt too wide) in paragraph at lines 723--724
[][] 
 []


Underfull \vbox (badness 5970) has occurred while \output is active []



<images/PrecioPorZona.png, id=189, 414.79968pt x 317.68687pt>
File: images/PrecioPorZona.png Graphic file (type png)
<use images/PrecioPorZona.png>
Package pdftex.def Info: images/PrecioPorZona.png  used on input line 729.
(pdftex.def)             Requested size: 252.0pt x 192.99855pt.

Overfull \hbox (10.0pt too wide) in paragraph at lines 729--730
[][] 
 []


Underfull \hbox (badness 10000) in paragraph at lines 731--732

 []

<images/CantTipoPorPiso.png, id=190, 465.23813pt x 383.18156pt>
File: images/CantTipoPorPiso.png Graphic file (type png)
<use images/CantTipoPorPiso.png>
Package pdftex.def Info: images/CantTipoPorPiso.png  used on input line 733.
(pdftex.def)             Requested size: 252.0pt x 207.55226pt.

Overfull \hbox (10.0pt too wide) in paragraph at lines 733--734
[][] 
 []

<images/HistogramaAreaConst.png, id=191, 465.23813pt x 383.18156pt>
File: images/HistogramaAreaConst.png Graphic file (type png)
<use images/HistogramaAreaConst.png>
Package pdftex.def Info: images/HistogramaAreaConst.png  used on input line 738.
(pdftex.def)             Requested size: 252.0pt x 207.55226pt.

Overfull \hbox (10.0pt too wide) in paragraph at lines 738--739
[][] 
 []



[5 <./images/BoxplotPreciosZona.png> <./images/BoxplotPreciosTipo.png> <./images/BoxplotPreciosArea.png> <./images/PrecioPorZona.png> <./images/CantTipoPorPiso.png> <./images/HistogramaAreaConst.png>]
<images/HabitacionesPorTipo.png, id=203, 415.5525pt x 346.29375pt>
File: images/HabitacionesPorTipo.png Graphic file (type png)
<use images/HabitacionesPorTipo.png>
Package pdftex.def Info: images/HabitacionesPorTipo.png  used on input line 743.
(pdftex.def)             Requested size: 252.0pt x 209.99713pt.

Overfull \hbox (10.0pt too wide) in paragraph at lines 743--747
[][]
 []

<images/EstratoHabitacionesPorTipo.png, id=204, 490.08093pt x 420.06938pt>
File: images/EstratoHabitacionesPorTipo.png Graphic file (type png)
<use images/EstratoHabitacionesPorTipo.png>
Package pdftex.def Info: images/EstratoHabitacionesPorTipo.png  used on input line 748.
(pdftex.def)             Requested size: 252.0pt x 215.99522pt.

Overfull \hbox (10.0pt too wide) in paragraph at lines 748--749
[][] 
 []

<images/ParqueaderosPorTipo.png, id=205, 490.08093pt x 420.82219pt>
File: images/ParqueaderosPorTipo.png Graphic file (type png)
<use images/ParqueaderosPorTipo.png>
Package pdftex.def Info: images/ParqueaderosPorTipo.png  used on input line 753.
(pdftex.def)             Requested size: 252.0pt x 216.38231pt.

Overfull \hbox (10.0pt too wide) in paragraph at lines 753--754
[][] 
 []


Underfull \vbox (badness 10000) has occurred while \output is active []



<images/BaniosPorTipo.png, id=206, 490.08093pt x 420.82219pt>
File: images/BaniosPorTipo.png Graphic file (type png)
<use images/BaniosPorTipo.png>
Package pdftex.def Info: images/BaniosPorTipo.png  used on input line 758.
(pdftex.def)             Requested size: 252.0pt x 216.38231pt.

Overfull \hbox (10.0pt too wide) in paragraph at lines 758--759
[][] 
 []

<images/MatrizCorrelacion.png, id=207, 500.62032pt x 413.29407pt>
File: images/MatrizCorrelacion.png Graphic file (type png)
<use images/MatrizCorrelacion.png>
Package pdftex.def Info: images/MatrizCorrelacion.png  used on input line 764.
(pdftex.def)             Requested size: 252.0pt x 208.04022pt.

Overfull \hbox (10.0pt too wide) in paragraph at lines 764--765
[][] 
 []


Underfull \vbox (badness 10000) has occurred while \output is active []



[6 <./images/HabitacionesPorTipo.png> <./images/EstratoHabitacionesPorTipo.png> <./images/ParqueaderosPorTipo.png> <./images/BaniosPorTipo.png>]
Underfull \hbox (badness 10000) in paragraph at lines 790--799

 []




Underfull \hbox (badness 10000) in paragraph at lines 802--803

 []

<images/HistogramaPrecios.png, id=216, 560.8453pt x 388.45125pt>
File: images/HistogramaPrecios.png Graphic file (type png)
<use images/HistogramaPrecios.png>
Package pdftex.def Info: images/HistogramaPrecios.png  used on input line 804.
(pdftex.def)             Requested size: 252.0pt x 174.53471pt.

Overfull \hbox (10.0pt too wide) in paragraph at lines 804--805
[][] 
 []

<images/DistrPreciosMetroCuadrado.png, id=217, 658.71094pt x 406.51875pt>
File: images/DistrPreciosMetroCuadrado.png Graphic file (type png)
<use images/DistrPreciosMetroCuadrado.png>
Package pdftex.def Info: images/DistrPreciosMetroCuadrado.png  used on input line 806.
(pdftex.def)             Requested size: 252.0pt x 155.52081pt.

Overfull \hbox (10.0pt too wide) in paragraph at lines 806--807
[][] 
 []


Underfull \hbox (badness 10000) in paragraph at lines 815--818

 []


Underfull \hbox (badness 10000) in paragraph at lines 833--836

 []


Underfull \hbox (badness 10000) in paragraph at lines 851--854

 []



[7 <./images/MatrizCorrelacion.png> <./images/HistogramaPrecios.png> <./images/DistrPreciosMetroCuadrado.png>]
Underfull \hbox (badness 10000) in paragraph at lines 913--921

 []





[8]
Underfull \hbox (badness 4316) in paragraph at lines 1094--1100
\OT1/ptm/m/n/10 in-for-maci[]on, se pueden bus-car per-sonas sim-i-lares,
 []


Underfull \hbox (badness 10000) in paragraph at lines 1094--1100
\OT1/ptm/m/n/10 uti-lizando, por ejem-plo, au-di-en-cias de even-tos
 []


Underfull \hbox (badness 6364) in paragraph at lines 1094--1100
\OT1/ptm/m/n/10 im-por-tantes en Google que est[]en in-tere-sadas en
 []


Underfull \hbox (badness 10000) in paragraph at lines 1094--1100

 []


Underfull \hbox (badness 10000) in paragraph at lines 1118--1125

 []




Underfull \hbox (badness 10000) in paragraph at lines 1126--1128

 []


Underfull \hbox (badness 6893) in paragraph at lines 1181--1185
[]\OT1/ptm/m/n/10 [1] M. F. Meneses-Gonz[]alez and C. E. S[]anchez,
 []


Underfull \hbox (badness 10000) in paragraph at lines 1181--1185
\OT1/ptm/m/n/10 ``In-forme es-pe-cial de Es-ta-bil-i-dad Fi-nanciera: An[]alisis
 []


Underfull \hbox (badness 10000) in paragraph at lines 1181--1185
\OT1/ptm/m/n/10 de la Cartera y del mer-cado in-mo-bil-iario en
 []


Underfull \hbox (badness 10000) in paragraph at lines 1181--1185
\OT1/ptm/m/n/10 colom-bia - se-gundo semestre de 2023,'' DSpace,
 []


Underfull \hbox (badness 10000) in paragraph at lines 1181--1185
\OT1/ptm/m/n/10 https://repositorio.banrep.gov.co/items/baf87440-d6ad-402c-
 []


Underfull \hbox (badness 7722) in paragraph at lines 1186--1190
[]\OT1/ptm/m/n/10 [2] G. V. Richard, ``Car-ac-ter-i-zaci[]on de es-trate-gias
 []


Underfull \hbox (badness 10000) in paragraph at lines 1186--1190
\OT1/ptm/m/n/10 de mar-ket-ing dig-i-tal, en el sec-tor in-mo-bil-iario
 []


Underfull \hbox (badness 10000) in paragraph at lines 1186--1190
\OT1/ptm/m/n/10 de Cali,'' Red UAO Home, Sep. 06, 2023.
 []


Underfull \hbox (badness 10000) in paragraph at lines 1186--1190
\OT1/ptm/m/n/10 https://red.uao.edu.co/entities/publication/1d0b24eb-420a-
 []


Underfull \hbox (badness 4316) in paragraph at lines 1191--1195
\OT1/ptm/m/n/10 la cartera y del mer-cado in-mo-bil-iario en Colom-bia,''
 []


Underfull \hbox (badness 4467) in paragraph at lines 1191--1195
\OT1/ptm/m/n/10 IN-FORME ES-PE-CIAL, Jul. 2023, [On-line]. Avail-able:
 []


Overfull \hbox (372.86472pt too wide) in paragraph at lines 1191--1195
\OT1/ptm/m/n/10 https://web.archive.org/web/20240122113855id[]/https://repositorio.banrep.gov.co/bitstream/handle/20.500.12134/10755/Informe[]Especial[]vivienda[]2023-
 []


** Conference Paper **
Before submitting the final camera ready copy, remember to:

 1. Manually equalize the lengths of two columns on the last page
 of your paper;

 2. Ensure that any PostScript and/or PDF output post-processing
 uses only Type 1 fonts and that every step in the generation
 process uses the appropriate paper size.



[9] (./Informe-Actividad-1-IEEE-Juan-Jose.aux)
 ***********
LaTeX2e <2024-06-01> patch level 2
L3 programming layer <2024-07-20>
 ***********

LaTeX Warning: There were undefined references.

Package rerunfilecheck Info: File `Informe-Actividad-1-IEEE-Juan-Jose.out' has not changed.
(rerunfilecheck)             Checksum: E015FF96E5B2E3CA4CFFAC2C46B1C28E;5397.
 ) 
Here is how much of TeX's memory you used:
 12315 strings out of 475539
 200196 string characters out of 5777273
 1947960 words of memory out of 5000000
 34723 multiletter control sequences out of 15000+600000
 596339 words of font info for 106 fonts, out of 8000000 for 9000
 17 hyphenation exceptions out of 8191
 75i,14n,79p,440b,530s stack positions out of 10000i,1000n,20000p,200000b,200000s
<c:/ProgramData/TinyTeX/texmf-dist/fonts/type1/public/amsfonts/cm/cmsy7.pfb><c:/ProgramData/TinyTeX/texmf-dist/fonts/type1/public/amsfonts/cm/cmsy8.pfb><c:/ProgramData/TinyTeX/texmf-dist/fonts/type1/urw/times/utmb8a.pfb><c:/ProgramData/TinyTeX/texmf-dist/fonts/type1/urw/times/utmbi8a.pfb><c:/ProgramData/TinyTeX/texmf-dist/fonts/type1/urw/times/utmr8a.pfb><c:/ProgramData/TinyTeX/texmf-dist/fonts/type1/urw/times/utmri8a.pfb>
Output written on Informe-Actividad-1-IEEE-Juan-Jose.pdf (9 pages, 1255656 bytes).
PDF statistics:
 292 PDF objects out of 1000 (max. 8388607)
 210 compressed objects within 3 object streams
 59 named destinations out of 1000 (max. 500000)
 389 words of extra memory for PDF output out of 10000 (max. 10000000)

